<?xml version="1.0" encoding="UTF-8" standalone="no"?><testsuite errors="1" failures="0" name="starter.petstore.WhenFetchingAlreadyAvailablePet" skipped="0" tests="1" time="6.21" timestamp="2024-09-13 02:19:40"><testcase classname="starter.petstore.WhenFetchingAlreadyAvailablePet" name="Fetch already available pet"><error message="Some exception during recording fields" type="java.lang.RuntimeException">Some exception during recording fields</error><system-err>Some exception during recording fields&#13;
net.serenitybdd.rest.filters.FieldsRecordingFilter.filter(FieldsRecordingFilter.java:53)&#13;
io.restassured.internal.filter.FilterContextImpl.next(FilterContextImpl.groovy:72)&#13;
io.restassured.filter.log.RequestLoggingFilter.filter(RequestLoggingFilter.java:148)&#13;
net.serenitybdd.rest.filters.FieldsRecordingFilter.filter(FieldsRecordingFilter.java:40)&#13;
io.restassured.internal.filter.FilterContextImpl.next(FilterContextImpl.groovy:72)&#13;
io.restassured.filter.log.RequestLoggingFilter.filter(RequestLoggingFilter.java:148)&#13;
net.serenitybdd.rest.filters.FieldsRecordingFilter.filter(FieldsRecordingFilter.java:40)&#13;
io.restassured.internal.filter.FilterContextImpl.next(FilterContextImpl.groovy:72)&#13;
io.restassured.filter.log.RequestLoggingFilter.filter(RequestLoggingFilter.java:148)&#13;
net.serenitybdd.rest.filters.FieldsRecordingFilter.filter(FieldsRecordingFilter.java:40)&#13;
io.restassured.internal.filter.FilterContextImpl.next(FilterContextImpl.groovy:72)&#13;
io.restassured.filter.log.RequestLoggingFilter.filter(RequestLoggingFilter.java:148)&#13;
net.serenitybdd.rest.filters.FieldsRecordingFilter.filter(FieldsRecordingFilter.java:40)&#13;
io.restassured.internal.filter.FilterContextImpl.next(FilterContextImpl.groovy:72)&#13;
io.restassured.filter.log.RequestLoggingFilter.filter(RequestLoggingFilter.java:148)&#13;
net.serenitybdd.rest.filters.FieldsRecordingFilter.filter(FieldsRecordingFilter.java:40)&#13;
io.restassured.internal.filter.FilterContextImpl.next(FilterContextImpl.groovy:72)&#13;
io.restassured.internal.RequestSpecificationImpl.applyPathParamsAndSendRequest(RequestSpecificationImpl.groovy:1704)&#13;
io.restassured.internal.RequestSpecificationImpl.this$2$applyPathParamsAndSendRequest(RequestSpecificationImpl.groovy)&#13;
groovy.lang.MetaMethod.doMethodInvoke(MetaMethod.java:328)&#13;
groovy.lang.MetaClassImpl.doInvokeMethod(MetaClassImpl.java:1332)&#13;
groovy.lang.MetaClassImpl.invokeMethod(MetaClassImpl.java:1087)&#13;
groovy.lang.MetaClassImpl.invokeMethod(MetaClassImpl.java:1006)&#13;
groovy.lang.MetaClassImpl.invokeMethod(MetaClassImpl.java:789)&#13;
io.restassured.internal.RequestSpecificationImpl.invokeMethod(RequestSpecificationImpl.groovy)&#13;
io.restassured.internal.RequestSpecificationImpl.applyPathParamsAndSendRequest(RequestSpecificationImpl.groovy:1710)&#13;
io.restassured.internal.RequestSpecificationImpl.this$2$applyPathParamsAndSendRequest(RequestSpecificationImpl.groovy)&#13;
groovy.lang.MetaMethod.doMethodInvoke(MetaMethod.java:328)&#13;
groovy.lang.MetaClassImpl.doInvokeMethod(MetaClassImpl.java:1332)&#13;
groovy.lang.MetaClassImpl.invokeMethod(MetaClassImpl.java:1087)&#13;
groovy.lang.MetaClassImpl.invokeMethod(MetaClassImpl.java:1006)&#13;
groovy.lang.MetaClassImpl.invokeMethod(MetaClassImpl.java:789)&#13;
io.restassured.internal.RequestSpecificationImpl.invokeMethod(RequestSpecificationImpl.groovy)&#13;
io.restassured.internal.RequestSpecificationImpl.post(RequestSpecificationImpl.groovy:176)&#13;
net.serenitybdd.rest.decorators.request.RequestSpecificationDecorated.executeCall(RequestSpecificationDecorated.java:309)&#13;
net.serenitybdd.rest.decorators.request.RequestSpecificationDecorated.execute(RequestSpecificationDecorated.java:268)&#13;
net.serenitybdd.rest.decorators.request.RequestSpecificationDecorated.post(RequestSpecificationDecorated.java:120)&#13;
net.serenitybdd.rest.decorators.request.RequestSpecificationDecorated.post(RequestSpecificationDecorated.java:110)&#13;
net.serenitybdd.rest.decorators.request.RequestSpecificationDecorated.post(RequestSpecificationDecorated.java:38)&#13;
starter.petstore.PetApiActions.givenKittyIsAvailableInPetStore(PetApiActions.java:25)&#13;
starter.petstore.WhenFetchingAlreadyAvailablePet.fetchAlreadyAvailablePet(WhenFetchingAlreadyAvailablePet.java:15)&#13;
</system-err></testcase></testsuite>